1604048839658	geckodriver	INFO	Listening on 127.0.0.1:36539
1604051283638	geckodriver	INFO	Listening on 127.0.0.1:36087
1604051419154	geckodriver	INFO	Listening on 127.0.0.1:38069
1604051772349	geckodriver	INFO	Listening on 127.0.0.1:49763
1604055911560	geckodriver	INFO	Listening on 127.0.0.1:34299
1604055980986	geckodriver	INFO	Listening on 127.0.0.1:55169
1604056237711	geckodriver	INFO	Listening on 127.0.0.1:35009
1604057403121	geckodriver	INFO	Listening on 127.0.0.1:57547
1604057403232	mozrunner::runner	INFO	Running command: "/home/morten/firefox/firefox-bin" "--marionette" "-foreground" "-no-remote" "-profile" "/tmp/rust_mozprofilerCpqZM"
Error: no DISPLAY environment variable specified
1604057439227	geckodriver	INFO	Listening on 127.0.0.1:54083
1604057439312	mozrunner::runner	INFO	Running command: "/home/morten/firefox/firefox-bin" "--marionette" "-foreground" "-no-remote" "-profile" "/tmp/rust_mozprofile90cYKW"
Error: no DISPLAY environment variable specified
Error: no DISPLAY environment variable specified
Error: no DISPLAY environment variable specified
Error: no DISPLAY environment variable specified
1604083107415	geckodriver	INFO	Listening on 127.0.0.1:33419
1604084125960	geckodriver	INFO	Listening on 127.0.0.1:48993
1604084181583	geckodriver	INFO	Listening on 127.0.0.1:48305
1604084181641	mozrunner::runner	INFO	Running command: "/home/morten/firefox/firefox" "--marionette" "-foreground" "-no-remote" "-profile" "/tmp/rust_mozprofileg3UPa7"
Error: no DISPLAY environment variable specified
Error: no DISPLAY environment variable specified
Error: no DISPLAY environment variable specified
1604087370661	geckodriver	INFO	Listening on 127.0.0.1:54977
1604087418528	geckodriver	INFO	Listening on 127.0.0.1:47181
1604087418579	mozrunner::runner	INFO	Running command: "/home/morten/firefox/firefox" "--marionette" "-foreground" "-no-remote" "-profile" "/tmp/rust_mozprofile5Ybzdr"
console.warn: SearchSettings: "get: No settings file exists, new profile?" (new Error("", "(unknown module)"))
1604087428035	Marionette	INFO	Listening on port 45251
1604087428121	Marionette	WARN	TLS certificate errors will be ignored for this session
1604087463224	geckodriver	INFO	Listening on 127.0.0.1:50235
1604087463240	mozrunner::runner	INFO	Running command: "/home/morten/firefox/firefox" "--marionette" "-foreground" "-no-remote" "-profile" "/tmp/rust_mozprofile4s2rRS"
console.warn: SearchSettings: "get: No settings file exists, new profile?" (new Error("", "(unknown module)"))
1604087468124	Marionette	INFO	Listening on port 39595
1604087468202	Marionette	WARN	TLS certificate errors will be ignored for this session
1604087517932	geckodriver	INFO	Listening on 127.0.0.1:42075
1604087518042	mozrunner::runner	INFO	Running command: "/home/morten/firefox/firefox" "--marionette" "-foreground" "-no-remote" "-profile" "/tmp/rust_mozprofileqNq4Lk"
console.warn: SearchSettings: "get: No settings file exists, new profile?" (new Error("", "(unknown module)"))
1604087530993	Marionette	INFO	Listening on port 41313
1604087531280	Marionette	WARN	TLS certificate errors will be ignored for this session
1604087538126	Marionette	INFO	Stopped listening on port 39595
1604087547996	Marionette	INFO	Stopped listening on port 45251
Marionette threw an error: TypeError: this.curBrowser.messageManager is null
GeckoDriver.prototype.sendAsync@chrome://marionette/content/driver.js:361:5
send/<@chrome://marionette/content/proxy.js:190:12
send@chrome://marionette/content/proxy.js:124:12
get/<@chrome://marionette/content/proxy.js:37:29
GeckoDriver.prototype._getCurrentURL@chrome://marionette/content/driver.js:320:33
GeckoDriver.prototype.navigateTo@chrome://marionette/content/driver.js:1198:33
observe@resource://gre/modules/AsyncShutdown.jsm:554:16

1604087568362	Marionette	INFO	Stopped listening on port 41313
1604087578077	geckodriver	INFO	Listening on 127.0.0.1:55533
1604087578488	mozrunner::runner	INFO	Running command: "/home/morten/firefox/firefox" "--marionette" "-foreground" "-no-remote" "-profile" "/tmp/rust_mozprofilecHzIoQ"
console.warn: SearchSettings: "get: No settings file exists, new profile?" (new Error("", "(unknown module)"))
1604087584105	Marionette	INFO	Listening on port 38047
1604087584202	Marionette	WARN	TLS certificate errors will be ignored for this session
JavaScript error: resource://gre/actors/AutoCompleteChild.jsm, line 235: Error: Invalid autocomplete selectedIndex
1604090794318	geckodriver	INFO	Listening on 127.0.0.1:35737
1604090795340	mozrunner::runner	INFO	Running command: "/home/morten/firefox/firefox" "--marionette" "-foreground" "-no-remote" "-profile" "/tmp/rust_mozprofiletji76w"
Error: no DISPLAY environment variable specified
1604090830937	geckodriver	INFO	Listening on 127.0.0.1:53803
1604090830951	mozrunner::runner	INFO	Running command: "/home/morten/firefox/firefox" "--marionette" "-foreground" "-no-remote" "-profile" "/tmp/rust_mozprofilewD96Dy"
console.warn: SearchSettings: "get: No settings file exists, new profile?" (new Error("", "(unknown module)"))
1604090842716	Marionette	INFO	Listening on port 45103
1604090843044	Marionette	WARN	TLS certificate errors will be ignored for this session
1604090878808	Marionette	INFO	Stopped listening on port 45103
1604090885993	Marionette	INFO	Stopped listening on port 38047
1604091282288	geckodriver	INFO	Listening on 127.0.0.1:39851
1604091282336	mozrunner::runner	INFO	Running command: "/home/morten/firefox/firefox" "--marionette" "-foreground" "-no-remote" "-profile" "/tmp/rust_mozprofilemYhWQi"
console.warn: SearchSettings: "get: No settings file exists, new profile?" (new Error("", "(unknown module)"))
1604091292811	Marionette	INFO	Listening on port 38197
1604091292950	Marionette	WARN	TLS certificate errors will be ignored for this session
1604091394398	Marionette	INFO	Stopped listening on port 38197
1604213332151	geckodriver	INFO	Listening on 127.0.0.1:36955
1604213333246	mozrunner::runner	INFO	Running command: "/home/morten/firefox/firefox" "--marionette" "-foreground" "-no-remote" "-profile" "/tmp/rust_mozprofile7EbBEb"
console.warn: SearchSettings: "get: No settings file exists, new profile?" (new Error("", "(unknown module)"))
1604213360620	Marionette	INFO	Listening on port 37989
1604213361050	Marionette	WARN	TLS certificate errors will be ignored for this session
1604213447666	geckodriver	INFO	Listening on 127.0.0.1:43311
1604213448688	mozrunner::runner	INFO	Running command: "/home/morten/firefox/firefox" "--marionette" "-foreground" "-no-remote" "-profile" "/tmp/rust_mozprofilet3OItZ"
1604213469775	geckodriver	INFO	Listening on 127.0.0.1:50963
1604213469792	mozrunner::runner	INFO	Running command: "/home/morten/firefox/firefox" "--marionette" "-foreground" "-no-remote" "-profile" "/tmp/rust_mozprofileeOfkDi"
console.warn: SearchSettings: "get: No settings file exists, new profile?" (new Error("", "(unknown module)"))
1604213481857	Marionette	INFO	Listening on port 34597
1604213482170	Marionette	WARN	TLS certificate errors will be ignored for this session
1604213923954	geckodriver	INFO	Listening on 127.0.0.1:49987
1604213925060	mozrunner::runner	INFO	Running command: "/home/morten/firefox/firefox" "--marionette" "-foreground" "-no-remote" "-profile" "/tmp/rust_mozprofile0efALN"
console.warn: SearchSettings: "get: No settings file exists, new profile?" (new Error("", "(unknown module)"))
1604213977670	Marionette	INFO	Listening on port 41121
1604213978525	Marionette	WARN	TLS certificate errors will be ignored for this session
1604214059527	Marionette	INFO	Stopped listening on port 37989
1604214130392	Marionette	INFO	Stopped listening on port 41121
1604214142754	Marionette	INFO	Stopped listening on port 34597
1605978151308	geckodriver	INFO	Listening on 127.0.0.1:45635
1605978152365	mozrunner::runner	INFO	Running command: "/home/morten/firefox/firefox" "--marionette" "-foreground" "-no-remote" "-profile" "/tmp/rust_mozprofilev6UJXm"
console.warn: SearchSettings: "get: No settings file exists, new profile?" (new Error("", "(unknown module)"))
1605978161358	Marionette	INFO	Listening on port 34633
1605978161502	Marionette	WARN	TLS certificate errors will be ignored for this session
1605978201391	geckodriver	INFO	Listening on 127.0.0.1:57873
1605978201406	mozrunner::runner	INFO	Running command: "/home/morten/firefox/firefox" "--marionette" "-foreground" "-no-remote" "-profile" "/tmp/rust_mozprofileY5Y9iP"
console.warn: SearchSettings: "get: No settings file exists, new profile?" (new Error("", "(unknown module)"))
1605978205656	Marionette	INFO	Listening on port 33795
1605978205762	Marionette	WARN	TLS certificate errors will be ignored for this session
1605978227975	Marionette	INFO	Stopped listening on port 33795
1605978229382	Marionette	INFO	Stopped listening on port 34633
1605978254879	geckodriver	INFO	Listening on 127.0.0.1:33035
1605978254895	mozrunner::runner	INFO	Running command: "/home/morten/firefox/firefox" "--marionette" "-foreground" "-no-remote" "-profile" "/tmp/rust_mozprofilemS0izX"
console.warn: SearchSettings: "get: No settings file exists, new profile?" (new Error("", "(unknown module)"))
1605978259458	Marionette	INFO	Listening on port 42433
1605978259549	Marionette	WARN	TLS certificate errors will be ignored for this session
1605978282013	Marionette	INFO	Stopped listening on port 42433
1605978584522	geckodriver	INFO	Listening on 127.0.0.1:60631
1605978584537	mozrunner::runner	INFO	Running command: "/home/morten/firefox/firefox" "--marionette" "-foreground" "-no-remote" "-profile" "/tmp/rust_mozprofileVHZsuS"
console.warn: SearchSettings: "get: No settings file exists, new profile?" (new Error("", "(unknown module)"))
1605978588555	Marionette	INFO	Listening on port 39515
1605978588708	Marionette	WARN	TLS certificate errors will be ignored for this session
1605978741115	geckodriver	INFO	Listening on 127.0.0.1:35893
1605978741129	mozrunner::runner	INFO	Running command: "/home/morten/firefox/firefox" "--marionette" "-foreground" "-no-remote" "-profile" "/tmp/rust_mozprofileCnT5Fs"
console.warn: SearchSettings: "get: No settings file exists, new profile?" (new Error("", "(unknown module)"))
1605978745502	Marionette	INFO	Listening on port 43743
1605978745598	Marionette	WARN	TLS certificate errors will be ignored for this session
1605978753700	Marionette	INFO	Stopped listening on port 39515
1605978862160	Marionette	INFO	Stopped listening on port 43743
1605978865985	geckodriver	INFO	Listening on 127.0.0.1:60665
1605978866001	mozrunner::runner	INFO	Running command: "/home/morten/firefox/firefox" "--marionette" "-foreground" "-no-remote" "-profile" "/tmp/rust_mozprofile81kWsN"
console.warn: SearchSettings: "get: No settings file exists, new profile?" (new Error("", "(unknown module)"))
1605978870753	Marionette	INFO	Listening on port 35959
1605978870860	Marionette	WARN	TLS certificate errors will be ignored for this session
1605978897453	Marionette	INFO	Stopped listening on port 35959
1605978898808	geckodriver	INFO	Listening on 127.0.0.1:41061
1605978898820	mozrunner::runner	INFO	Running command: "/home/morten/firefox/firefox" "--marionette" "-foreground" "-no-remote" "-profile" "/tmp/rust_mozprofilee78cjV"
console.warn: SearchSettings: "get: No settings file exists, new profile?" (new Error("", "(unknown module)"))
1605978903637	Marionette	INFO	Listening on port 38419
1605978903692	Marionette	WARN	TLS certificate errors will be ignored for this session
1605978974829	geckodriver	INFO	Listening on 127.0.0.1:58233
1605978974846	mozrunner::runner	INFO	Running command: "/home/morten/firefox/firefox" "--marionette" "-foreground" "-no-remote" "-profile" "/tmp/rust_mozprofilejQhVt8"
console.warn: SearchSettings: "get: No settings file exists, new profile?" (new Error("", "(unknown module)"))
1605978979926	Marionette	INFO	Listening on port 36579
1605978980033	Marionette	WARN	TLS certificate errors will be ignored for this session
1605978994204	Marionette	INFO	Stopped listening on port 36579
IPDL protocol error: Handler returned error code!

###!!! [Parent][DispatchAsyncMessage] Error: PLayerTransaction::Msg_ReleaseLayer Processing error: message was deserialized, but the handler returned false (indicating failure)

IPDL protocol error: Handler returned error code!

###!!! [Parent][DispatchAsyncMessage] Error: PLayerTransaction::Msg_ReleaseLayer Processing error: message was deserialized, but the handler returned false (indicating failure)

1605978997274	Marionette	INFO	Stopped listening on port 38419
1605979152141	geckodriver	INFO	Listening on 127.0.0.1:42075
1605979152156	mozrunner::runner	INFO	Running command: "/home/morten/firefox/firefox" "--marionette" "-foreground" "-no-remote" "-profile" "/tmp/rust_mozprofileiLj9Qz"
console.warn: SearchSettings: "get: No settings file exists, new profile?" (new Error("", "(unknown module)"))
1605979156650	Marionette	INFO	Listening on port 41659
1605979156721	Marionette	WARN	TLS certificate errors will be ignored for this session
1605979159061	Marionette	INFO	Stopped listening on port 41659
console.warn: services.settings: main/message-groups sync interrupted by shutdown
console.warn: services.settings: main/cfr-fxa sync interrupted by shutdown
JavaScript error: resource://gre/modules/DeferredTask.jsm, line 215: Error: Unable to arm timer, the object has been finalized.
console.error: "Could not load engine bing@search.mozilla.org: TypeError: AddonManagerInternal._getProviderByName(...) is undefined"
console.error: "Could not load engine amazon@search.mozilla.org: TypeError: AddonManagerInternal._getProviderByName(...) is undefined"
console.error: "Could not load engine ddg@search.mozilla.org: TypeError: AddonManagerInternal._getProviderByName(...) is undefined"
console.warn: SearchService: "_init: abandoning init due to shutting down"
JavaScript error: resource://gre/modules/DeferredTask.jsm, line 215: Error: Unable to arm timer, the object has been finalized.
JavaScript error: resource://gre/modules/DeferredTask.jsm, line 215: Error: Unable to arm timer, the object has been finalized.
JavaScript error: resource://gre/modules/DeferredTask.jsm, line 215: Error: Unable to arm timer, the object has been finalized.
JavaScript error: resource://gre/modules/AsyncShutdown.jsm, line 554: uncaught exception: 2147500036
JavaScript error: resource://gre/modules/AsyncShutdown.jsm, line 554: uncaught exception: 2147500036
JavaScript error: resource://gre/modules/AsyncShutdown.jsm, line 554: uncaught exception: 2147500036
JavaScript error: resource://gre/modules/AsyncShutdown.jsm, line 554: uncaught exception: 2147500036
JavaScript error: resource://gre/modules/AsyncShutdown.jsm, line 554: uncaught exception: 2147500036
JavaScript error: resource://gre/modules/AsyncShutdown.jsm, line 554: uncaught exception: 2147500036
JavaScript error: resource://gre/modules/AsyncShutdown.jsm, line 554: uncaught exception: 2147500036
JavaScript error: resource://gre/modules/AsyncShutdown.jsm, line 554: uncaught exception: 2147500036
JavaScript error: resource://gre/modules/NewTabUtils.jsm, line 686: NS_ERROR_UNEXPECTED: Component returned failure code: 0x8000ffff (NS_ERROR_UNEXPECTED) [nsINavHistoryService.asyncExecuteLegacyQuery]
JavaScript error: resource://gre/modules/osfile/osfile_async_front.jsm, line 426: Error: OS.File has been shut down. Rejecting post to stat
1605979351458	geckodriver	INFO	Listening on 127.0.0.1:58321
1605979351474	mozrunner::runner	INFO	Running command: "/home/morten/firefox/firefox" "--marionette" "-foreground" "-no-remote" "-profile" "/tmp/rust_mozprofilezK2cpC"
console.warn: SearchSettings: "get: No settings file exists, new profile?" (new Error("", "(unknown module)"))
1605979355854	Marionette	INFO	Listening on port 38343
1605979355944	Marionette	WARN	TLS certificate errors will be ignored for this session
1605979358364	Marionette	INFO	Stopped listening on port 38343
console.warn: services.settings: main/message-groups sync interrupted by shutdown
console.warn: services.settings: main/cfr-fxa sync interrupted by shutdown
console.warn: services.settings: main/cfr sync interrupted by shutdown
console.warn: services.settings: main/message-groups sync interrupted by shutdown
console.warn: SearchService: "_init: abandoning init due to shutting down"
JavaScript error: , line 0: uncaught exception: 2147500036
JavaScript error: , line 0: uncaught exception: 2147500036
JavaScript error: , line 0: uncaught exception: 2147500036
JavaScript error: , line 0: uncaught exception: 2147500036
JavaScript error: , line 0: uncaught exception: 2147500036
JavaScript error: , line 0: uncaught exception: 2147500036
JavaScript error: , line 0: uncaught exception: 2147500036
JavaScript error: , line 0: uncaught exception: 2147500036
1605979992219	geckodriver	INFO	Listening on 127.0.0.1:51309
1605979992233	mozrunner::runner	INFO	Running command: "/home/morten/firefox/firefox" "--marionette" "-foreground" "-no-remote" "-profile" "/tmp/rust_mozprofiletXtvo7"
console.warn: SearchSettings: "get: No settings file exists, new profile?" (new Error("", "(unknown module)"))
1605979996533	Marionette	INFO	Listening on port 36831
1605979996586	Marionette	WARN	TLS certificate errors will be ignored for this session
1605979998930	Marionette	INFO	Stopped listening on port 36831
console.warn: services.settings: main/message-groups sync interrupted by shutdown
console.warn: services.settings: main/cfr-fxa sync interrupted by shutdown
console.warn: SearchService: "_init: abandoning init due to shutting down"
JavaScript error: , line 0: uncaught exception: 2147500036
JavaScript error: , line 0: uncaught exception: 2147500036
JavaScript error: , line 0: uncaught exception: 2147500036
JavaScript error: , line 0: uncaught exception: 2147500036
JavaScript error: , line 0: uncaught exception: 2147500036
JavaScript error: , line 0: uncaught exception: 2147500036
JavaScript error: , line 0: uncaught exception: 2147500036
JavaScript error: , line 0: uncaught exception: 2147500036
console.warn: services.settings: main/cfr sync interrupted by shutdown
console.warn: services.settings: main/message-groups sync interrupted by shutdown
JavaScript error: resource://gre/modules/NewTabUtils.jsm, line 686: NS_ERROR_UNEXPECTED: Component returned failure code: 0x8000ffff (NS_ERROR_UNEXPECTED) [nsINavHistoryService.asyncExecuteLegacyQuery]
1605980678792	geckodriver	INFO	Listening on 127.0.0.1:44775
1605980678807	mozrunner::runner	INFO	Running command: "/home/morten/firefox/firefox" "--marionette" "-foreground" "-no-remote" "-profile" "/tmp/rust_mozprofile7elX1j"
console.warn: SearchSettings: "get: No settings file exists, new profile?" (new Error("", "(unknown module)"))
1605980684669	Marionette	INFO	Listening on port 37671
1605980684763	Marionette	WARN	TLS certificate errors will be ignored for this session
1605980686941	Marionette	INFO	Stopped listening on port 37671
console.warn: services.settings: main/message-groups sync interrupted by shutdown
console.warn: services.settings: main/cfr-fxa sync interrupted by shutdown
console.warn: SearchService: "_init: abandoning init due to shutting down"
JavaScript error: , line 0: uncaught exception: 2147500036
JavaScript error: , line 0: uncaught exception: 2147500036
JavaScript error: , line 0: uncaught exception: 2147500036
JavaScript error: , line 0: uncaught exception: 2147500036
JavaScript error: , line 0: uncaught exception: 2147500036
JavaScript error: , line 0: uncaught exception: 2147500036
JavaScript error: , line 0: uncaught exception: 2147500036
JavaScript error: , line 0: uncaught exception: 2147500036
console.error: (new Error("Connection closed before committing the transaction.", "resource://gre/modules/Sqlite.jsm", 688))
JavaScript error: resource://gre/modules/osfile/osfile_async_front.jsm, line 426: Error: OS.File has been shut down. Rejecting post to stat
ExceptionHandler::GenerateDump cloned child 15529
ExceptionHandler::SendContinueSignalToChild sent continue signal to child
ExceptionHandler::WaitForContinueSignal waiting for continue signal...
1605981537199	geckodriver	INFO	Listening on 127.0.0.1:56429
1605981832782	geckodriver	INFO	Listening on 127.0.0.1:51687
1605981832792	mozrunner::runner	INFO	Running command: "/home/morten/firefox/firefox" "--marionette" "-foreground" "-no-remote" "-profile" "/tmp/rust_mozprofile12HaSY"
console.warn: SearchSettings: "get: No settings file exists, new profile?" (new Error("", "(unknown module)"))
1605981837127	Marionette	INFO	Listening on port 40759
1605981837268	Marionette	WARN	TLS certificate errors will be ignored for this session
1605981840409	Marionette	INFO	Stopped listening on port 40759
JavaScript error: resource://gre/modules/UrlClassifierListManager.jsm, line 691: TypeError: this.tablesData[table] is undefined
console.warn: SearchService: "_init: abandoning init due to shutting down"
console.warn: services.settings: main/cfr-fxa sync interrupted by shutdown
JavaScript error: , line 0: uncaught exception: 2147500036
JavaScript error: , line 0: uncaught exception: 2147500036
JavaScript error: , line 0: uncaught exception: 2147500036
JavaScript error: , line 0: uncaught exception: 2147500036
JavaScript error: , line 0: uncaught exception: 2147500036
JavaScript error: , line 0: uncaught exception: 2147500036
JavaScript error: , line 0: uncaught exception: 2147500036
JavaScript error: , line 0: uncaught exception: 2147500036
console.warn: services.settings: main/cfr sync interrupted by shutdown
JavaScript error: resource://gre/modules/osfile/osfile_async_front.jsm, line 426: Error: OS.File has been shut down. Rejecting post to stat
ExceptionHandler::GenerateDump cloned child 16398
ExceptionHandler::SendContinueSignalToChild sent continue signal to child
ExceptionHandler::WaitForContinueSignal waiting for continue signal...
1605981947687	geckodriver	INFO	Listening on 127.0.0.1:54823
1605981947702	mozrunner::runner	INFO	Running command: "/home/morten/firefox/firefox" "--marionette" "-foreground" "-no-remote" "-profile" "/tmp/rust_mozprofilevh3R7z"
console.warn: SearchSettings: "get: No settings file exists, new profile?" (new Error("", "(unknown module)"))
1605981951771	Marionette	INFO	Listening on port 44171
1605981951866	Marionette	WARN	TLS certificate errors will be ignored for this session
1605981954191	Marionette	INFO	Stopped listening on port 44171
JavaScript error: resource://gre/modules/UrlClassifierListManager.jsm, line 691: TypeError: this.tablesData[table] is undefined
console.warn: services.settings: main/partitioning-exempt-urls sync interrupted by shutdown
console.warn: services.settings: main/message-groups sync interrupted by shutdown
console.warn: services.settings: main/cfr-fxa sync interrupted by shutdown
console.warn: SearchService: "_init: abandoning init due to shutting down"
JavaScript error: , line 0: uncaught exception: 2147500036
JavaScript error: , line 0: uncaught exception: 2147500036
JavaScript error: , line 0: uncaught exception: 2147500036
JavaScript error: , line 0: uncaught exception: 2147500036
JavaScript error: , line 0: uncaught exception: 2147500036
JavaScript error: , line 0: uncaught exception: 2147500036
JavaScript error: , line 0: uncaught exception: 2147500036
JavaScript error: , line 0: uncaught exception: 2147500036
console.warn: services.settings: main/cfr sync interrupted by shutdown
console.warn: services.settings: main/message-groups sync interrupted by shutdown
JavaScript error: resource://gre/modules/NewTabUtils.jsm, line 686: NS_ERROR_UNEXPECTED: Component returned failure code: 0x8000ffff (NS_ERROR_UNEXPECTED) [nsINavHistoryService.asyncExecuteLegacyQuery]
JavaScript error: resource://gre/modules/osfile/osfile_async_front.jsm, line 426: Error: OS.File has been shut down. Rejecting post to stat
ExceptionHandler::GenerateDump cloned child 16820
ExceptionHandler::SendContinueSignalToChild sent continue signal to child
ExceptionHandler::WaitForContinueSignal waiting for continue signal...
1605982143126	geckodriver	INFO	Listening on 127.0.0.1:39097
1605982143140	mozrunner::runner	INFO	Running command: "/home/morten/firefox/firefox" "--marionette" "-foreground" "-no-remote" "-profile" "/tmp/rust_mozprofiles7BRx9"
console.warn: SearchSettings: "get: No settings file exists, new profile?" (new Error("", "(unknown module)"))
1605982147477	Marionette	INFO	Listening on port 42939
1605982147623	Marionette	WARN	TLS certificate errors will be ignored for this session
1605982149618	Marionette	INFO	Stopped listening on port 42939
console.warn: SearchService: "_init: abandoning init due to shutting down"
JavaScript error: , line 0: uncaught exception: 2147500036
JavaScript error: , line 0: uncaught exception: 2147500036
JavaScript error: , line 0: uncaught exception: 2147500036
JavaScript error: , line 0: uncaught exception: 2147500036
JavaScript error: , line 0: uncaught exception: 2147500036
JavaScript error: , line 0: uncaught exception: 2147500036
JavaScript error: , line 0: uncaught exception: 2147500036
JavaScript error: , line 0: uncaught exception: 2147500036
console.warn: services.settings: main/cfr-fxa sync interrupted by shutdown
console.warn: services.settings: main/cfr sync interrupted by shutdown
1605982187236	geckodriver	INFO	Listening on 127.0.0.1:52251
1605982187250	mozrunner::runner	INFO	Running command: "/home/morten/firefox/firefox" "--marionette" "-foreground" "-no-remote" "-profile" "/tmp/rust_mozprofileyVFFVJ"
console.warn: SearchSettings: "get: No settings file exists, new profile?" (new Error("", "(unknown module)"))
1605982191351	Marionette	INFO	Listening on port 36509
1605982191409	Marionette	WARN	TLS certificate errors will be ignored for this session
1605982193284	Marionette	INFO	Stopped listening on port 36509
console.warn: services.settings: main/message-groups sync interrupted by shutdown
console.warn: SearchService: "_init: abandoning init due to shutting down"
JavaScript error: , line 0: uncaught exception: 2147500036
JavaScript error: , line 0: uncaught exception: 2147500036
JavaScript error: , line 0: uncaught exception: 2147500036
JavaScript error: , line 0: uncaught exception: 2147500036
JavaScript error: , line 0: uncaught exception: 2147500036
JavaScript error: , line 0: uncaught exception: 2147500036
JavaScript error: , line 0: uncaught exception: 2147500036
JavaScript error: , line 0: uncaught exception: 2147500036
console.warn: services.settings: main/cfr-fxa sync interrupted by shutdown
1605982226178	geckodriver	INFO	Listening on 127.0.0.1:40831
1605982226192	mozrunner::runner	INFO	Running command: "/home/morten/firefox/firefox" "--marionette" "-foreground" "-no-remote" "-profile" "/tmp/rust_mozprofilecR3enB"
console.warn: SearchSettings: "get: No settings file exists, new profile?" (new Error("", "(unknown module)"))
1605982230221	Marionette	INFO	Listening on port 44675
1605982230362	Marionette	WARN	TLS certificate errors will be ignored for this session
1605982232256	Marionette	INFO	Stopped listening on port 44675
console.warn: services.settings: main/message-groups sync interrupted by shutdown
console.warn: services.settings: main/cfr-fxa sync interrupted by shutdown
console.warn: SearchService: "_init: abandoning init due to shutting down"
JavaScript error: , line 0: uncaught exception: 2147500036
JavaScript error: , line 0: uncaught exception: 2147500036
JavaScript error: , line 0: uncaught exception: 2147500036
JavaScript error: , line 0: uncaught exception: 2147500036
JavaScript error: , line 0: uncaught exception: 2147500036
JavaScript error: , line 0: uncaught exception: 2147500036
JavaScript error: , line 0: uncaught exception: 2147500036
JavaScript error: , line 0: uncaught exception: 2147500036
console.warn: services.settings: main/cfr sync interrupted by shutdown
JavaScript error: resource://gre/modules/osfile/osfile_async_front.jsm, line 426: Error: OS.File has been shut down. Rejecting post to stat
ExceptionHandler::GenerateDump cloned child 17991
ExceptionHandler::SendContinueSignalToChild sent continue signal to child
ExceptionHandler::WaitForContinueSignal waiting for continue signal...
1605982320309	geckodriver	INFO	Listening on 127.0.0.1:40907
1605982321320	mozrunner::runner	INFO	Running command: "/home/morten/firefox/firefox" "--marionette" "-foreground" "-no-remote" "-profile" "/tmp/rust_mozprofileo77rCm"
console.warn: SearchSettings: "get: No settings file exists, new profile?" (new Error("", "(unknown module)"))
1605982325658	Marionette	INFO	Listening on port 43313
1605982325787	Marionette	WARN	TLS certificate errors will be ignored for this session
1605982327758	Marionette	INFO	Stopped listening on port 43313
console.warn: services.settings: main/partitioning-exempt-urls sync interrupted by shutdown
console.warn: services.settings: main/message-groups sync interrupted by shutdown
console.warn: services.settings: main/cfr-fxa sync interrupted by shutdown
console.warn: services.settings: main/cfr sync interrupted by shutdown
console.warn: SearchService: "_init: abandoning init due to shutting down"
JavaScript error: , line 0: uncaught exception: 2147500036
JavaScript error: , line 0: uncaught exception: 2147500036
JavaScript error: , line 0: uncaught exception: 2147500036
JavaScript error: , line 0: uncaught exception: 2147500036
JavaScript error: , line 0: uncaught exception: 2147500036
JavaScript error: , line 0: uncaught exception: 2147500036
JavaScript error: , line 0: uncaught exception: 2147500036
JavaScript error: , line 0: uncaught exception: 2147500036
console.warn: services.settings: main/message-groups sync interrupted by shutdown
1605982362103	geckodriver	INFO	Listening on 127.0.0.1:56735
1605982362118	mozrunner::runner	INFO	Running command: "/home/morten/firefox/firefox" "--marionette" "-foreground" "-no-remote" "-profile" "/tmp/rust_mozprofileT711SO"
console.warn: SearchSettings: "get: No settings file exists, new profile?" (new Error("", "(unknown module)"))
1605982366250	Marionette	INFO	Listening on port 42403
1605982366384	Marionette	WARN	TLS certificate errors will be ignored for this session
1605982368858	Marionette	INFO	Stopped listening on port 42403
console.warn: services.settings: main/message-groups sync interrupted by shutdown
console.warn: services.settings: main/cfr-fxa sync interrupted by shutdown
console.warn: SearchService: "_init: abandoning init due to shutting down"
JavaScript error: , line 0: uncaught exception: 2147500036
JavaScript error: , line 0: uncaught exception: 2147500036
JavaScript error: , line 0: uncaught exception: 2147500036
JavaScript error: , line 0: uncaught exception: 2147500036
JavaScript error: , line 0: uncaught exception: 2147500036
JavaScript error: , line 0: uncaught exception: 2147500036
JavaScript error: , line 0: uncaught exception: 2147500036
JavaScript error: , line 0: uncaught exception: 2147500036
console.warn: services.settings: main/cfr sync interrupted by shutdown
console.warn: services.settings: main/message-groups sync interrupted by shutdown
JavaScript error: resource://gre/modules/osfile/osfile_async_front.jsm, line 426: Error: OS.File has been shut down. Rejecting post to stat
ExceptionHandler::GenerateDump cloned child 18668
ExceptionHandler::SendContinueSignalToChild sent continue signal to child
ExceptionHandler::WaitForContinueSignal waiting for continue signal...
1605982530111	geckodriver	INFO	Listening on 127.0.0.1:53307
1605982530125	mozrunner::runner	INFO	Running command: "/home/morten/firefox/firefox" "--marionette" "-foreground" "-no-remote" "-profile" "/tmp/rust_mozprofileh3nEKR"
console.warn: SearchSettings: "get: No settings file exists, new profile?" (new Error("", "(unknown module)"))
1605982534384	Marionette	INFO	Listening on port 35291
1605982534483	Marionette	WARN	TLS certificate errors will be ignored for this session
1605982536618	Marionette	INFO	Stopped listening on port 35291
console.warn: services.settings: main/message-groups sync interrupted by shutdown
console.warn: services.settings: main/cfr-fxa sync interrupted by shutdown
console.warn: SearchService: "_init: abandoning init due to shutting down"
JavaScript error: , line 0: uncaught exception: 2147500036
JavaScript error: , line 0: uncaught exception: 2147500036
JavaScript error: , line 0: uncaught exception: 2147500036
JavaScript error: , line 0: uncaught exception: 2147500036
JavaScript error: , line 0: uncaught exception: 2147500036
JavaScript error: , line 0: uncaught exception: 2147500036
JavaScript error: , line 0: uncaught exception: 2147500036
JavaScript error: , line 0: uncaught exception: 2147500036
console.warn: services.settings: main/cfr sync interrupted by shutdown
console.warn: services.settings: main/message-groups sync interrupted by shutdown
JavaScript error: resource://gre/modules/osfile/osfile_async_front.jsm, line 426: Error: OS.File has been shut down. Rejecting post to stat
ExceptionHandler::GenerateDump cloned child 19079
ExceptionHandler::SendContinueSignalToChild sent continue signal to child
ExceptionHandler::WaitForContinueSignal waiting for continue signal...
1605982607716	geckodriver	INFO	Listening on 127.0.0.1:36089
1605982607732	mozrunner::runner	INFO	Running command: "/home/morten/firefox/firefox" "--marionette" "-foreground" "-no-remote" "-profile" "/tmp/rust_mozprofilee7bAFb"
console.warn: SearchSettings: "get: No settings file exists, new profile?" (new Error("", "(unknown module)"))
1605982611854	Marionette	INFO	Listening on port 39167
1605982611995	Marionette	WARN	TLS certificate errors will be ignored for this session
1605982614022	Marionette	INFO	Stopped listening on port 39167
console.warn: services.settings: main/message-groups sync interrupted by shutdown
console.warn: SearchService: "_init: abandoning init due to shutting down"
JavaScript error: , line 0: uncaught exception: 2147500036
JavaScript error: , line 0: uncaught exception: 2147500036
JavaScript error: , line 0: uncaught exception: 2147500036
JavaScript error: , line 0: uncaught exception: 2147500036
JavaScript error: , line 0: uncaught exception: 2147500036
JavaScript error: , line 0: uncaught exception: 2147500036
JavaScript error: , line 0: uncaught exception: 2147500036
JavaScript error: , line 0: uncaught exception: 2147500036
JavaScript error: resource://gre/modules/NewTabUtils.jsm, line 686: NS_ERROR_UNEXPECTED: Component returned failure code: 0x8000ffff (NS_ERROR_UNEXPECTED) [nsINavHistoryService.asyncExecuteLegacyQuery]
JavaScript error: resource://gre/modules/osfile/osfile_async_front.jsm, line 426: Error: OS.File has been shut down. Rejecting post to stat
ExceptionHandler::GenerateDump cloned child 19432
ExceptionHandler::SendContinueSignalToChild sent continue signal to child
ExceptionHandler::WaitForContinueSignal waiting for continue signal...
1605982737672	geckodriver	INFO	Listening on 127.0.0.1:54991
1605982737687	mozrunner::runner	INFO	Running command: "/home/morten/firefox/firefox" "--marionette" "-foreground" "-no-remote" "-profile" "/tmp/rust_mozprofile2G5056"
console.warn: SearchSettings: "get: No settings file exists, new profile?" (new Error("", "(unknown module)"))
1605982741983	Marionette	INFO	Listening on port 38597
1605982742056	Marionette	WARN	TLS certificate errors will be ignored for this session
1605982744490	Marionette	INFO	Stopped listening on port 38597
console.warn: services.settings: main/message-groups sync interrupted by shutdown
console.warn: services.settings: main/cfr-fxa sync interrupted by shutdown
console.warn: services.settings: main/cfr sync interrupted by shutdown
console.warn: SearchService: "_init: abandoning init due to shutting down"
JavaScript error: , line 0: uncaught exception: 2147500036
JavaScript error: , line 0: uncaught exception: 2147500036
JavaScript error: , line 0: uncaught exception: 2147500036
JavaScript error: , line 0: uncaught exception: 2147500036
JavaScript error: , line 0: uncaught exception: 2147500036
JavaScript error: , line 0: uncaught exception: 2147500036
JavaScript error: , line 0: uncaught exception: 2147500036
JavaScript error: , line 0: uncaught exception: 2147500036
console.warn: services.settings: main/message-groups sync interrupted by shutdown
JavaScript error: resource://gre/modules/osfile/osfile_async_front.jsm, line 426: Error: OS.File has been shut down. Rejecting post to stat
ExceptionHandler::GenerateDump cloned child 19850
ExceptionHandler::SendContinueSignalToChild sent continue signal to child
ExceptionHandler::WaitForContinueSignal waiting for continue signal...
1605982855192	geckodriver	INFO	Listening on 127.0.0.1:57113
1605982856201	mozrunner::runner	INFO	Running command: "/home/morten/firefox/firefox" "--marionette" "-foreground" "-no-remote" "-profile" "/tmp/rust_mozprofilePdPPqY"
console.warn: SearchSettings: "get: No settings file exists, new profile?" (new Error("", "(unknown module)"))
1605982860647	Marionette	INFO	Listening on port 41395
1605982860762	Marionette	WARN	TLS certificate errors will be ignored for this session
1605982862933	Marionette	INFO	Stopped listening on port 41395
console.warn: services.settings: main/partitioning-exempt-urls sync interrupted by shutdown
console.warn: services.settings: main/message-groups sync interrupted by shutdown
console.warn: services.settings: main/cfr-fxa sync interrupted by shutdown
console.warn: SearchService: "_init: abandoning init due to shutting down"
JavaScript error: , line 0: uncaught exception: 2147500036
JavaScript error: , line 0: uncaught exception: 2147500036
JavaScript error: , line 0: uncaught exception: 2147500036
JavaScript error: , line 0: uncaught exception: 2147500036
JavaScript error: , line 0: uncaught exception: 2147500036
JavaScript error: , line 0: uncaught exception: 2147500036
JavaScript error: , line 0: uncaught exception: 2147500036
JavaScript error: , line 0: uncaught exception: 2147500036
console.warn: services.settings: main/cfr sync interrupted by shutdown
console.warn: services.settings: main/message-groups sync interrupted by shutdown
JavaScript error: resource://gre/modules/osfile/osfile_async_front.jsm, line 426: Error: OS.File has been shut down. Rejecting post to stat
ExceptionHandler::GenerateDump cloned child 20232
ExceptionHandler::SendContinueSignalToChild sent continue signal to child
ExceptionHandler::WaitForContinueSignal waiting for continue signal...
1605983072729	geckodriver	INFO	Listening on 127.0.0.1:42445
1605983072743	mozrunner::runner	INFO	Running command: "/home/morten/firefox/firefox" "--marionette" "-foreground" "-no-remote" "-profile" "/tmp/rust_mozprofilelUOT56"
console.warn: SearchSettings: "get: No settings file exists, new profile?" (new Error("", "(unknown module)"))
1605983076848	Marionette	INFO	Listening on port 46089
1605983076911	Marionette	WARN	TLS certificate errors will be ignored for this session
1605983078846	Marionette	INFO	Stopped listening on port 46089
console.warn: services.settings: main/message-groups sync interrupted by shutdown
console.warn: SearchService: "_init: abandoning init due to shutting down"
JavaScript error: , line 0: uncaught exception: 2147500036
JavaScript error: , line 0: uncaught exception: 2147500036
JavaScript error: , line 0: uncaught exception: 2147500036
JavaScript error: , line 0: uncaught exception: 2147500036
JavaScript error: , line 0: uncaught exception: 2147500036
JavaScript error: , line 0: uncaught exception: 2147500036
JavaScript error: , line 0: uncaught exception: 2147500036
JavaScript error: , line 0: uncaught exception: 2147500036
console.warn: services.settings: main/cfr-fxa sync interrupted by shutdown
JavaScript error: resource://gre/modules/osfile/osfile_async_front.jsm, line 426: Error: OS.File has been shut down. Rejecting post to stat
ExceptionHandler::GenerateDump cloned child 20633
ExceptionHandler::SendContinueSignalToChild sent continue signal to child
ExceptionHandler::WaitForContinueSignal waiting for continue signal...
1605986308421	geckodriver	INFO	Listening on 127.0.0.1:40159
1605986309432	mozrunner::runner	INFO	Running command: "/home/morten/firefox/firefox" "--marionette" "-foreground" "-no-remote" "-profile" "/tmp/rust_mozprofileKyTtmg"
console.warn: SearchSettings: "get: No settings file exists, new profile?" (new Error("", "(unknown module)"))
1605986313681	Marionette	INFO	Listening on port 37673
1605986313823	Marionette	WARN	TLS certificate errors will be ignored for this session
1605986315799	Marionette	INFO	Stopped listening on port 37673
console.warn: services.settings: main/message-groups sync interrupted by shutdown
console.warn: SearchService: "_init: abandoning init due to shutting down"
JavaScript error: , line 0: uncaught exception: 2147500036
JavaScript error: , line 0: uncaught exception: 2147500036
JavaScript error: , line 0: uncaught exception: 2147500036
JavaScript error: , line 0: uncaught exception: 2147500036
JavaScript error: , line 0: uncaught exception: 2147500036
JavaScript error: , line 0: uncaught exception: 2147500036
JavaScript error: , line 0: uncaught exception: 2147500036
JavaScript error: , line 0: uncaught exception: 2147500036
console.warn: services.settings: main/cfr-fxa sync interrupted by shutdown
1605986331882	geckodriver	INFO	Listening on 127.0.0.1:56283
1605986331898	mozrunner::runner	INFO	Running command: "/home/morten/firefox/firefox" "--marionette" "-foreground" "-no-remote" "-profile" "/tmp/rust_mozprofileV4p4mD"
console.warn: SearchSettings: "get: No settings file exists, new profile?" (new Error("", "(unknown module)"))
1605986336079	Marionette	INFO	Listening on port 42305
1605986336172	Marionette	WARN	TLS certificate errors will be ignored for this session
1605986338374	Marionette	INFO	Stopped listening on port 42305
console.warn: services.settings: main/message-groups sync interrupted by shutdown
console.warn: services.settings: main/cfr-fxa sync interrupted by shutdown
console.warn: SearchService: "_init: abandoning init due to shutting down"
JavaScript error: , line 0: uncaught exception: 2147500036
JavaScript error: , line 0: uncaught exception: 2147500036
JavaScript error: , line 0: uncaught exception: 2147500036
JavaScript error: , line 0: uncaught exception: 2147500036
JavaScript error: , line 0: uncaught exception: 2147500036
JavaScript error: , line 0: uncaught exception: 2147500036
JavaScript error: , line 0: uncaught exception: 2147500036
JavaScript error: , line 0: uncaught exception: 2147500036
console.warn: services.settings: main/cfr sync interrupted by shutdown
console.warn: services.settings: main/message-groups sync interrupted by shutdown
JavaScript error: resource://gre/modules/NewTabUtils.jsm, line 686: NS_ERROR_UNEXPECTED: Component returned failure code: 0x8000ffff (NS_ERROR_UNEXPECTED) [nsINavHistoryService.asyncExecuteLegacyQuery]
1605986349085	geckodriver	INFO	Listening on 127.0.0.1:55253
1605986350093	mozrunner::runner	INFO	Running command: "/home/morten/firefox/firefox" "--marionette" "-foreground" "-no-remote" "-profile" "/tmp/rust_mozprofileSRG0Mn"
console.warn: SearchSettings: "get: No settings file exists, new profile?" (new Error("", "(unknown module)"))
1605986354942	Marionette	INFO	Listening on port 33683
1605986355100	Marionette	WARN	TLS certificate errors will be ignored for this session
1605986356978	Marionette	INFO	Stopped listening on port 33683
console.warn: SearchService: "_init: abandoning init due to shutting down"
JavaScript error: , line 0: uncaught exception: 2147500036
JavaScript error: , line 0: uncaught exception: 2147500036
JavaScript error: , line 0: uncaught exception: 2147500036
JavaScript error: , line 0: uncaught exception: 2147500036
JavaScript error: , line 0: uncaught exception: 2147500036
JavaScript error: , line 0: uncaught exception: 2147500036
JavaScript error: , line 0: uncaught exception: 2147500036
JavaScript error: , line 0: uncaught exception: 2147500036
console.warn: services.settings: main/cfr-fxa sync interrupted by shutdown
console.warn: services.settings: main/cfr sync interrupted by shutdown
JavaScript error: resource://gre/modules/NewTabUtils.jsm, line 686: NS_ERROR_UNEXPECTED: Component returned failure code: 0x8000ffff (NS_ERROR_UNEXPECTED) [nsINavHistoryService.asyncExecuteLegacyQuery]
1605986378959	geckodriver	INFO	Listening on 127.0.0.1:34481
1605986379967	mozrunner::runner	INFO	Running command: "/home/morten/firefox/firefox" "--marionette" "-foreground" "-no-remote" "-profile" "/tmp/rust_mozprofileAFHv4i"
console.warn: SearchSettings: "get: No settings file exists, new profile?" (new Error("", "(unknown module)"))
1605986385230	Marionette	INFO	Listening on port 36007
1605986385342	Marionette	WARN	TLS certificate errors will be ignored for this session
1605986387213	Marionette	INFO	Stopped listening on port 36007
console.warn: SearchService: "_init: abandoning init due to shutting down"
JavaScript error: , line 0: uncaught exception: 2147500036
JavaScript error: , line 0: uncaught exception: 2147500036
JavaScript error: , line 0: uncaught exception: 2147500036
JavaScript error: , line 0: uncaught exception: 2147500036
JavaScript error: , line 0: uncaught exception: 2147500036
JavaScript error: , line 0: uncaught exception: 2147500036
JavaScript error: , line 0: uncaught exception: 2147500036
JavaScript error: , line 0: uncaught exception: 2147500036
console.warn: services.settings: main/cfr-fxa sync interrupted by shutdown
console.warn: services.settings: main/cfr sync interrupted by shutdown
[GFX1-]: Receive IPC close with reason=AbnormalShutdown
Exiting due to channel error.
1605986390368	geckodriver	INFO	Listening on 127.0.0.1:38385
1605986391376	mozrunner::runner	INFO	Running command: "/home/morten/firefox/firefox" "--marionette" "-foreground" "-no-remote" "-profile" "/tmp/rust_mozprofilexqiDC1"
console.warn: SearchSettings: "get: No settings file exists, new profile?" (new Error("", "(unknown module)"))
1605986396760	Marionette	INFO	Listening on port 38735
1605986396854	Marionette	WARN	TLS certificate errors will be ignored for this session
1605986399166	Marionette	INFO	Stopped listening on port 38735
console.warn: SearchService: "_init: abandoning init due to shutting down"
console.warn: services.settings: main/cfr-fxa sync interrupted by shutdown
JavaScript error: , line 0: uncaught exception: 2147500036
JavaScript error: , line 0: uncaught exception: 2147500036
JavaScript error: , line 0: uncaught exception: 2147500036
JavaScript error: , line 0: uncaught exception: 2147500036
JavaScript error: , line 0: uncaught exception: 2147500036
JavaScript error: , line 0: uncaught exception: 2147500036
JavaScript error: , line 0: uncaught exception: 2147500036
JavaScript error: , line 0: uncaught exception: 2147500036
console.warn: services.settings: main/cfr sync interrupted by shutdown
JavaScript error: resource://gre/modules/NewTabUtils.jsm, line 686: NS_ERROR_UNEXPECTED: Component returned failure code: 0x8000ffff (NS_ERROR_UNEXPECTED) [nsINavHistoryService.asyncExecuteLegacyQuery]
1605986449327	geckodriver	INFO	Listening on 127.0.0.1:47905
1605986450346	mozrunner::runner	INFO	Running command: "/home/morten/firefox/firefox" "--marionette" "-foreground" "-no-remote" "-profile" "/tmp/rust_mozprofiledMyK1c"
console.warn: SearchSettings: "get: No settings file exists, new profile?" (new Error("", "(unknown module)"))
1605986456430	Marionette	INFO	Listening on port 39115
1605986456533	Marionette	WARN	TLS certificate errors will be ignored for this session
1605986459299	Marionette	INFO	Stopped listening on port 39115
console.warn: SearchService: "_init: abandoning init due to shutting down"
JavaScript error: , line 0: uncaught exception: 2147500036
JavaScript error: , line 0: uncaught exception: 2147500036
JavaScript error: , line 0: uncaught exception: 2147500036
JavaScript error: , line 0: uncaught exception: 2147500036
JavaScript error: , line 0: uncaught exception: 2147500036
JavaScript error: , line 0: uncaught exception: 2147500036
JavaScript error: , line 0: uncaught exception: 2147500036
JavaScript error: , line 0: uncaught exception: 2147500036
JavaScript error: resource://gre/modules/SearchService.jsm, line 1339: NS_ERROR_ABORT: SearchService initialization failed
console.warn: services.settings: main/cfr-fxa sync interrupted by shutdown
console.warn: services.settings: main/cfr sync interrupted by shutdown
JavaScript error: resource://gre/modules/NewTabUtils.jsm, line 686: NS_ERROR_UNEXPECTED: Component returned failure code: 0x8000ffff (NS_ERROR_UNEXPECTED) [nsINavHistoryService.asyncExecuteLegacyQuery]
JavaScript error: resource://gre/modules/osfile/osfile_async_front.jsm, line 426: Error: OS.File has been shut down. Rejecting post to stat
ExceptionHandler::GenerateDump cloned child 23408
ExceptionHandler::SendContinueSignalToChild sent continue signal to child
ExceptionHandler::WaitForContinueSignal waiting for continue signal...
1605990523354	geckodriver	INFO	Listening on 127.0.0.1:53691
1605990523380	mozrunner::runner	INFO	Running command: "/home/morten/firefox/firefox" "--marionette" "-foreground" "-no-remote" "-profile" "/tmp/rust_mozprofilewIpCrK"
console.warn: SearchSettings: "get: No settings file exists, new profile?" (new Error("", "(unknown module)"))
1605990528660	Marionette	INFO	Listening on port 37171
1605990528759	Marionette	WARN	TLS certificate errors will be ignored for this session
1605990531729	Marionette	INFO	Stopped listening on port 37171
console.warn: services.settings: main/cfr-fxa sync interrupted by shutdown
1605990577588	geckodriver	INFO	Listening on 127.0.0.1:41257
1605990577602	mozrunner::runner	INFO	Running command: "/home/morten/firefox/firefox" "--marionette" "-foreground" "-no-remote" "-profile" "/tmp/rust_mozprofileeH7wG3"
console.warn: SearchSettings: "get: No settings file exists, new profile?" (new Error("", "(unknown module)"))
1605990581816	Marionette	INFO	Listening on port 38865
1605990581954	Marionette	WARN	TLS certificate errors will be ignored for this session
1605990584587	Marionette	INFO	Stopped listening on port 38865
console.warn: SearchService: "_init: abandoning init due to shutting down"
JavaScript error: , line 0: uncaught exception: 2147500036
JavaScript error: , line 0: uncaught exception: 2147500036
JavaScript error: , line 0: uncaught exception: 2147500036
JavaScript error: , line 0: uncaught exception: 2147500036
JavaScript error: , line 0: uncaught exception: 2147500036
JavaScript error: , line 0: uncaught exception: 2147500036
JavaScript error: , line 0: uncaught exception: 2147500036
JavaScript error: , line 0: uncaught exception: 2147500036
console.warn: services.settings: main/cfr-fxa sync interrupted by shutdown
console.warn: services.settings: main/cfr sync interrupted by shutdown
JavaScript error: resource://gre/modules/osfile/osfile_async_front.jsm, line 426: Error: OS.File has been shut down. Rejecting post to stat
ExceptionHandler::GenerateDump cloned child 25101ExceptionHandler::WaitForContinueSignal waiting for continue signal...

ExceptionHandler::SendContinueSignalToChild sent continue signal to child
1605990655114	geckodriver	INFO	Listening on 127.0.0.1:53815
1605990655130	mozrunner::runner	INFO	Running command: "/home/morten/firefox/firefox" "--marionette" "-foreground" "-no-remote" "-profile" "/tmp/rust_mozprofile2aQde2"
console.warn: SearchSettings: "get: No settings file exists, new profile?" (new Error("", "(unknown module)"))
1605990660211	Marionette	INFO	Listening on port 46395
1605990660316	Marionette	WARN	TLS certificate errors will be ignored for this session
1605990662313	Marionette	INFO	Stopped listening on port 46395
JavaScript error: resource://gre/modules/UrlClassifierListManager.jsm, line 691: TypeError: this.tablesData[table] is undefined
console.warn: SearchService: "_init: abandoning init due to shutting down"
JavaScript error: , line 0: uncaught exception: 2147500036
JavaScript error: , line 0: uncaught exception: 2147500036
JavaScript error: , line 0: uncaught exception: 2147500036
JavaScript error: , line 0: uncaught exception: 2147500036
JavaScript error: , line 0: uncaught exception: 2147500036
JavaScript error: , line 0: uncaught exception: 2147500036
JavaScript error: , line 0: uncaught exception: 2147500036
JavaScript error: , line 0: uncaught exception: 2147500036
JavaScript error: resource://gre/modules/NewTabUtils.jsm, line 686: NS_ERROR_UNEXPECTED: Component returned failure code: 0x8000ffff (NS_ERROR_UNEXPECTED) [nsINavHistoryService.asyncExecuteLegacyQuery]
JavaScript error: resource://gre/modules/osfile/osfile_async_front.jsm, line 426: Error: OS.File has been shut down. Rejecting post to stat
ExceptionHandler::GenerateDump cloned child 25479
ExceptionHandler::SendContinueSignalToChild sent continue signal to child
ExceptionHandler::WaitForContinueSignal waiting for continue signal...
1605990905216	geckodriver	INFO	Listening on 127.0.0.1:53005
1605990905284	mozrunner::runner	INFO	Running command: "/home/morten/firefox/firefox" "--marionette" "-foreground" "-no-remote" "-profile" "/tmp/rust_mozprofileFrl3mU"
console.warn: SearchSettings: "get: No settings file exists, new profile?" (new Error("", "(unknown module)"))
1605990912374	Marionette	INFO	Listening on port 41307
1605990912486	Marionette	WARN	TLS certificate errors will be ignored for this session
1605990914880	Marionette	INFO	Stopped listening on port 41307
console.warn: SearchService: "_init: abandoning init due to shutting down"
JavaScript error: , line 0: uncaught exception: 2147500036
JavaScript error: , line 0: uncaught exception: 2147500036
JavaScript error: , line 0: uncaught exception: 2147500036
JavaScript error: , line 0: uncaught exception: 2147500036
JavaScript error: , line 0: uncaught exception: 2147500036
JavaScript error: , line 0: uncaught exception: 2147500036
JavaScript error: , line 0: uncaught exception: 2147500036
JavaScript error: , line 0: uncaught exception: 2147500036
console.warn: services.settings: main/cfr-fxa sync interrupted by shutdown
console.warn: services.settings: main/cfr sync interrupted by shutdown
JavaScript error: resource://gre/modules/NewTabUtils.jsm, line 686: NS_ERROR_UNEXPECTED: Component returned failure code: 0x8000ffff (NS_ERROR_UNEXPECTED) [nsINavHistoryService.asyncExecuteLegacyQuery]
JavaScript error: resource://gre/modules/osfile/osfile_async_front.jsm, line 426: Error: OS.File has been shut down. Rejecting post to stat
ExceptionHandler::GenerateDump cloned child 25711
ExceptionHandler::SendContinueSignalToChild sent continue signal to child
ExceptionHandler::WaitForContinueSignal waiting for continue signal...
1605992338555	geckodriver	INFO	Listening on 127.0.0.1:42695
1605992339574	mozrunner::runner	INFO	Running command: "/home/morten/firefox/firefox" "--marionette" "-foreground" "-no-remote" "-profile" "/tmp/rust_mozprofilePZbEgU"
console.warn: SearchSettings: "get: No settings file exists, new profile?" (new Error("", "(unknown module)"))
1605992344290	Marionette	INFO	Listening on port 34805
1605992344348	Marionette	WARN	TLS certificate errors will be ignored for this session
1605992346435	Marionette	INFO	Stopped listening on port 34805
console.warn: SearchService: "_init: abandoning init due to shutting down"
JavaScript error: , line 0: uncaught exception: 2147500036
JavaScript error: , line 0: uncaught exception: 2147500036
JavaScript error: , line 0: uncaught exception: 2147500036
JavaScript error: , line 0: uncaught exception: 2147500036
JavaScript error: , line 0: uncaught exception: 2147500036
JavaScript error: , line 0: uncaught exception: 2147500036
JavaScript error: , line 0: uncaught exception: 2147500036
JavaScript error: , line 0: uncaught exception: 2147500036
console.warn: services.settings: main/cfr-fxa sync interrupted by shutdown
console.warn: services.settings: main/cfr sync interrupted by shutdown
JavaScript error: resource://gre/modules/NewTabUtils.jsm, line 686: NS_ERROR_UNEXPECTED: Component returned failure code: 0x8000ffff (NS_ERROR_UNEXPECTED) [nsINavHistoryService.asyncExecuteLegacyQuery]
JavaScript error: resource://gre/modules/osfile/osfile_async_front.jsm, line 426: Error: OS.File has been shut down. Rejecting post to stat
ExceptionHandler::GenerateDump cloned child 26486
ExceptionHandler::SendContinueSignalToChild sent continue signal to child
ExceptionHandler::WaitForContinueSignal waiting for continue signal...
1605992504870	geckodriver	INFO	Listening on 127.0.0.1:36865
1605992505879	mozrunner::runner	INFO	Running command: "/home/morten/firefox/firefox" "--marionette" "-foreground" "-no-remote" "-profile" "/tmp/rust_mozprofileAGEG9m"
console.warn: SearchSettings: "get: No settings file exists, new profile?" (new Error("", "(unknown module)"))
1605992510098	Marionette	INFO	Listening on port 41183
1605992510150	Marionette	WARN	TLS certificate errors will be ignored for this session
1605992512443	Marionette	INFO	Stopped listening on port 41183
console.warn: SearchService: "_init: abandoning init due to shutting down"
JavaScript error: , line 0: uncaught exception: 2147500036
JavaScript error: , line 0: uncaught exception: 2147500036
JavaScript error: , line 0: uncaught exception: 2147500036
JavaScript error: , line 0: uncaught exception: 2147500036
JavaScript error: , line 0: uncaught exception: 2147500036
JavaScript error: , line 0: uncaught exception: 2147500036
JavaScript error: , line 0: uncaught exception: 2147500036
JavaScript error: , line 0: uncaught exception: 2147500036
console.warn: services.settings: main/cfr-fxa sync interrupted by shutdown
console.warn: services.settings: main/cfr sync interrupted by shutdown
JavaScript error: resource://gre/modules/osfile/osfile_async_front.jsm, line 426: Error: OS.File has been shut down. Rejecting post to stat
ExceptionHandler::GenerateDump cloned child 26913
ExceptionHandler::SendContinueSignalToChild sent continue signal to child
ExceptionHandler::WaitForContinueSignal waiting for continue signal...
1605993305565	geckodriver	INFO	Listening on 127.0.0.1:59025
1605993306574	mozrunner::runner	INFO	Running command: "/home/morten/firefox/firefox" "--marionette" "-foreground" "-no-remote" "-profile" "/tmp/rust_mozprofilepPW2bY"
console.warn: SearchSettings: "get: No settings file exists, new profile?" (new Error("", "(unknown module)"))
1605993310918	Marionette	INFO	Listening on port 35727
1605993311039	Marionette	WARN	TLS certificate errors will be ignored for this session
1605993313204	Marionette	INFO	Stopped listening on port 35727
console.warn: SearchService: "_init: abandoning init due to shutting down"
JavaScript error: , line 0: uncaught exception: 2147500036
JavaScript error: , line 0: uncaught exception: 2147500036
JavaScript error: , line 0: uncaught exception: 2147500036
JavaScript error: , line 0: uncaught exception: 2147500036
JavaScript error: , line 0: uncaught exception: 2147500036
JavaScript error: , line 0: uncaught exception: 2147500036
JavaScript error: , line 0: uncaught exception: 2147500036
JavaScript error: , line 0: uncaught exception: 2147500036
console.error: (new Error("Connection closed before committing the transaction.", "resource://gre/modules/Sqlite.jsm", 688))
JavaScript error: resource://gre/modules/osfile/osfile_async_front.jsm, line 426: Error: OS.File has been shut down. Rejecting post to stat
ExceptionHandler::GenerateDump cloned child 27556
ExceptionHandler::SendContinueSignalToChild sent continue signal to child
ExceptionHandler::WaitForContinueSignal waiting for continue signal...
1605993520669	geckodriver	INFO	Listening on 127.0.0.1:56661
1605993520683	mozrunner::runner	INFO	Running command: "/home/morten/firefox/firefox" "--marionette" "-foreground" "-no-remote" "-profile" "/tmp/rust_mozprofileVPKOTo"
console.warn: SearchSettings: "get: No settings file exists, new profile?" (new Error("", "(unknown module)"))
1605993525261	Marionette	INFO	Listening on port 34831
1605993525336	Marionette	WARN	TLS certificate errors will be ignored for this session
1605993528846	Marionette	INFO	Stopped listening on port 34831
console.warn: SearchService: "_init: abandoning init due to shutting down"
JavaScript error: , line 0: uncaught exception: 2147500036
JavaScript error: , line 0: uncaught exception: 2147500036
JavaScript error: , line 0: uncaught exception: 2147500036
JavaScript error: , line 0: uncaught exception: 2147500036
JavaScript error: , line 0: uncaught exception: 2147500036
JavaScript error: , line 0: uncaught exception: 2147500036
JavaScript error: , line 0: uncaught exception: 2147500036
JavaScript error: , line 0: uncaught exception: 2147500036
console.warn: services.settings: main/cfr-fxa sync interrupted by shutdown
console.warn: services.settings: main/cfr sync interrupted by shutdown
JavaScript error: resource://gre/modules/osfile/osfile_async_front.jsm, line 426: Error: OS.File has been shut down. Rejecting post to stat
ExceptionHandler::WaitForContinueSignal waiting for continue signal...
ExceptionHandler::GenerateDump cloned child 28056
ExceptionHandler::SendContinueSignalToChild sent continue signal to child
1605993624265	geckodriver	INFO	Listening on 127.0.0.1:46317
1605993625275	mozrunner::runner	INFO	Running command: "/home/morten/firefox/firefox" "--marionette" "-foreground" "-no-remote" "-profile" "/tmp/rust_mozprofileqPWygC"
console.warn: SearchSettings: "get: No settings file exists, new profile?" (new Error("", "(unknown module)"))
1605993629832	Marionette	INFO	Listening on port 40173
1605993629948	Marionette	WARN	TLS certificate errors will be ignored for this session
1605993632808	Marionette	INFO	Stopped listening on port 40173
JavaScript error: resource://gre/modules/ExtensionSettingsStore.jsm, line 123: Error: The ExtensionSettingsStore was accessed before the initialize promise resolved.
JavaScript error: resource://gre/modules/DeferredTask.jsm, line 215: Error: Unable to arm timer, the object has been finalized.
JavaScript error: resource://gre/modules/DeferredTask.jsm, line 215: Error: Unable to arm timer, the object has been finalized.
JavaScript error: resource://gre/modules/DeferredTask.jsm, line 215: Error: Unable to arm timer, the object has been finalized.
JavaScript error: resource://gre/modules/DeferredTask.jsm, line 215: Error: Unable to arm timer, the object has been finalized.
console.error: SearchService: "maybeReloadEngines failed" (new TypeError("AddonManagerInternal._getProviderByName(...) is undefined", "resource://gre/modules/AddonManager.jsm", 2556))
JavaScript error: resource://gre/modules/DeferredTask.jsm, line 215: Error: Unable to arm timer, the object has been finalized.
1605993997183	geckodriver	INFO	Listening on 127.0.0.1:48831
1605993998192	mozrunner::runner	INFO	Running command: "/home/morten/firefox/firefox" "--marionette" "-foreground" "-no-remote" "-profile" "/tmp/rust_mozprofilekSnV1k"
console.warn: SearchSettings: "get: No settings file exists, new profile?" (new Error("", "(unknown module)"))
1605994003140	Marionette	INFO	Listening on port 34263
1605994003281	Marionette	WARN	TLS certificate errors will be ignored for this session
1605994005556	Marionette	INFO	Stopped listening on port 34263
console.warn: SearchService: "_init: abandoning init due to shutting down"
JavaScript error: , line 0: uncaught exception: 2147500036
JavaScript error: , line 0: uncaught exception: 2147500036
JavaScript error: , line 0: uncaught exception: 2147500036
JavaScript error: , line 0: uncaught exception: 2147500036
JavaScript error: , line 0: uncaught exception: 2147500036
JavaScript error: , line 0: uncaught exception: 2147500036
JavaScript error: , line 0: uncaught exception: 2147500036
JavaScript error: , line 0: uncaught exception: 2147500036
console.warn: services.settings: main/cfr-fxa sync interrupted by shutdown
console.warn: services.settings: main/cfr sync interrupted by shutdown
JavaScript error: resource://gre/modules/osfile/osfile_async_front.jsm, line 426: Error: OS.File has been shut down. Rejecting post to stat
ExceptionHandler::GenerateDump cloned child 28890
ExceptionHandler::SendContinueSignalToChild sent continue signal to child
ExceptionHandler::WaitForContinueSignal waiting for continue signal...
1605994071005	geckodriver	INFO	Listening on 127.0.0.1:46655
1605994071013	mozrunner::runner	INFO	Running command: "/home/morten/firefox/firefox" "--marionette" "-foreground" "-no-remote" "-profile" "/tmp/rust_mozprofilefAaYa1"
console.warn: SearchSettings: "get: No settings file exists, new profile?" (new Error("", "(unknown module)"))
1605994075349	Marionette	INFO	Listening on port 45747
1605994075471	Marionette	WARN	TLS certificate errors will be ignored for this session
1605994077512	Marionette	INFO	Stopped listening on port 45747
console.warn: services.settings: main/message-groups sync interrupted by shutdown
console.warn: SearchService: "_init: abandoning init due to shutting down"
JavaScript error: , line 0: uncaught exception: 2147500036
JavaScript error: , line 0: uncaught exception: 2147500036
JavaScript error: , line 0: uncaught exception: 2147500036
JavaScript error: , line 0: uncaught exception: 2147500036
JavaScript error: , line 0: uncaught exception: 2147500036
JavaScript error: , line 0: uncaught exception: 2147500036
JavaScript error: , line 0: uncaught exception: 2147500036
JavaScript error: , line 0: uncaught exception: 2147500036
console.warn: services.settings: main/cfr-fxa sync interrupted by shutdown
JavaScript error: resource://gre/modules/osfile/osfile_async_front.jsm, line 426: Error: OS.File has been shut down. Rejecting post to stat
ExceptionHandler::GenerateDump cloned child 29216
ExceptionHandler::SendContinueSignalToChild sent continue signal to child
ExceptionHandler::WaitForContinueSignal waiting for continue signal...
1605995178403	geckodriver	INFO	Listening on 127.0.0.1:47317
1605995178418	mozrunner::runner	INFO	Running command: "/home/morten/firefox/firefox" "--marionette" "-foreground" "-no-remote" "-profile" "/tmp/rust_mozprofileN40Hmw"
console.warn: SearchSettings: "get: No settings file exists, new profile?" (new Error("", "(unknown module)"))
1605995183258	Marionette	INFO	Listening on port 36007
1605995183385	Marionette	WARN	TLS certificate errors will be ignored for this session
1605995185440	Marionette	INFO	Stopped listening on port 36007
console.error: (new Error("Connection closed before committing the transaction.", "resource://gre/modules/Sqlite.jsm", 688))
console.log: "RemoteSettingsWorker error: AbortError: IndexedDB:  execute() A request was aborted, for example through a call to IDBTransaction.abort."
console.log: "RemoteSettingsWorker error: AbortError: IndexedDB:  execute() A request was aborted, for example through a call to IDBTransaction.abort."
console.log: "RemoteSettingsWorker error: AbortError: IndexedDB:  execute() A request was aborted, for example through a call to IDBTransaction.abort."
console.error: "Could not load engine google@search.mozilla.org: [Exception... \"AddonManager is not initialized\"  nsresult: \"0xc1f30001 (NS_ERROR_NOT_INITIALIZED)\"  location: \"JS frame :: resource://gre/modules/AddonManager.jsm :: installBuiltinAddon :: line 2550\"  data: no]"
console.error: "Could not load engine amazon@search.mozilla.org: [Exception... \"AddonManager is not initialized\"  nsresult: \"0xc1f30001 (NS_ERROR_NOT_INITIALIZED)\"  location: \"JS frame :: resource://gre/modules/AddonManager.jsm :: installBuiltinAddon :: line 2550\"  data: no]"
console.error: "Could not load engine ddg@search.mozilla.org: [Exception... \"AddonManager is not initialized\"  nsresult: \"0xc1f30001 (NS_ERROR_NOT_INITIALIZED)\"  location: \"JS frame :: resource://gre/modules/AddonManager.jsm :: installBuiltinAddon :: line 2550\"  data: no]"
console.error: "Could not load engine bing@search.mozilla.org: [Exception... \"AddonManager is not initialized\"  nsresult: \"0xc1f30001 (NS_ERROR_NOT_INITIALIZED)\"  location: \"JS frame :: resource://gre/modules/AddonManager.jsm :: installBuiltinAddon :: line 2550\"  data: no]"
console.error: "Could not load engine wikipedia@search.mozilla.org: [Exception... \"AddonManager is not initialized\"  nsresult: \"0xc1f30001 (NS_ERROR_NOT_INITIALIZED)\"  location: \"JS frame :: resource://gre/modules/AddonManager.jsm :: installBuiltinAddon :: line 2550\"  data: no]"
console.warn: SearchService: "_init: abandoning init due to shutting down"
JavaScript error: resource://gre/modules/AsyncShutdown.jsm, line 554: uncaught exception: 2147500036
JavaScript error: resource://gre/modules/AsyncShutdown.jsm, line 554: uncaught exception: 2147500036
JavaScript error: resource://gre/modules/AsyncShutdown.jsm, line 554: uncaught exception: 2147500036
JavaScript error: resource://gre/modules/AsyncShutdown.jsm, line 554: uncaught exception: 2147500036
JavaScript error: resource://gre/modules/AsyncShutdown.jsm, line 554: uncaught exception: 2147500036
JavaScript error: resource://gre/modules/AsyncShutdown.jsm, line 554: uncaught exception: 2147500036
JavaScript error: resource://gre/modules/AsyncShutdown.jsm, line 554: uncaught exception: 2147500036
JavaScript error: resource://gre/modules/AsyncShutdown.jsm, line 554: uncaught exception: 2147500036
JavaScript error: resource://gre/modules/osfile/osfile_async_front.jsm, line 426: Error: OS.File has been shut down. Rejecting post to stat
ExceptionHandler::GenerateDump cloned child 29990
ExceptionHandler::SendContinueSignalToChild sent continue signal to child
ExceptionHandler::WaitForContinueSignal waiting for continue signal...
1605995251430	geckodriver	INFO	Listening on 127.0.0.1:43971
1605995251442	mozrunner::runner	INFO	Running command: "/home/morten/firefox/firefox" "--marionette" "-foreground" "-no-remote" "-profile" "/tmp/rust_mozprofile9c1Udy"
console.warn: SearchSettings: "get: No settings file exists, new profile?" (new Error("", "(unknown module)"))
1605995256127	Marionette	INFO	Listening on port 40685
1605995256207	Marionette	WARN	TLS certificate errors will be ignored for this session
1605995259024	Marionette	INFO	Stopped listening on port 40685
console.warn: services.settings: main/cfr-fxa sync interrupted by shutdown
JavaScript error: resource://gre/modules/ExtensionSettingsStore.jsm, line 123: Error: The ExtensionSettingsStore was accessed before the initialize promise resolved.
JavaScript error: resource://gre/modules/DeferredTask.jsm, line 215: Error: Unable to arm timer, the object has been finalized.
console.error: SearchService: "maybeReloadEngines failed" (new TypeError("AddonManagerInternal._getProviderByName(...) is undefined", "resource://gre/modules/AddonManager.jsm", 2556))
JavaScript error: resource://gre/modules/DeferredTask.jsm, line 215: Error: Unable to arm timer, the object has been finalized.
JavaScript error: resource://gre/modules/NewTabUtils.jsm, line 686: NS_ERROR_UNEXPECTED: Component returned failure code: 0x8000ffff (NS_ERROR_UNEXPECTED) [nsINavHistoryService.asyncExecuteLegacyQuery]
1605995261230	geckodriver	INFO	Listening on 127.0.0.1:59209
1605995261240	mozrunner::runner	INFO	Running command: "/home/morten/firefox/firefox" "--marionette" "-foreground" "-no-remote" "-profile" "/tmp/rust_mozprofileKqMSSl"
console.warn: SearchSettings: "get: No settings file exists, new profile?" (new Error("", "(unknown module)"))
1605995265497	Marionette	INFO	Listening on port 40375
1605995265631	Marionette	WARN	TLS certificate errors will be ignored for this session
1605995268079	Marionette	INFO	Stopped listening on port 40375
JavaScript error: resource://activity-stream/lib/ActivityStreamPrefs.jsm, line 27: NS_ERROR_ILLEGAL_VALUE: Component returned failure code: 0x80070057 (NS_ERROR_ILLEGAL_VALUE) [nsIPrefBranch.removeObserver]
console.error: services.settings: 
  main/partitioning-exempt-urls Signature failed  TypeError: NetworkError when attempting to fetch resource.
console.log: "RemoteSettingsWorker error: Error: Can't import when we've started shutting down."
console.log: "RemoteSettingsWorker error: Error: Can't import when we've started shutting down."
console.log: "RemoteSettingsWorker error: Error: Can't import when we've started shutting down."
console.log: "RemoteSettingsWorker error: Error: Can't import when we've started shutting down."
console.log: "RemoteSettingsWorker error: Error: Can't import when we've started shutting down."
console.error: "Could not load engine google@search.mozilla.org: [Exception... \"AddonManager is not initialized\"  nsresult: \"0xc1f30001 (NS_ERROR_NOT_INITIALIZED)\"  location: \"JS frame :: resource://gre/modules/AddonManager.jsm :: installBuiltinAddon :: line 2550\"  data: no]"
console.error: "Could not load engine amazon@search.mozilla.org: [Exception... \"AddonManager is not initialized\"  nsresult: \"0xc1f30001 (NS_ERROR_NOT_INITIALIZED)\"  location: \"JS frame :: resource://gre/modules/AddonManager.jsm :: installBuiltinAddon :: line 2550\"  data: no]"
console.error: "Could not load engine ddg@search.mozilla.org: [Exception... \"AddonManager is not initialized\"  nsresult: \"0xc1f30001 (NS_ERROR_NOT_INITIALIZED)\"  location: \"JS frame :: resource://gre/modules/AddonManager.jsm :: installBuiltinAddon :: line 2550\"  data: no]"
console.error: "Could not load engine bing@search.mozilla.org: [Exception... \"AddonManager is not initialized\"  nsresult: \"0xc1f30001 (NS_ERROR_NOT_INITIALIZED)\"  location: \"JS frame :: resource://gre/modules/AddonManager.jsm :: installBuiltinAddon :: line 2550\"  data: no]"
console.error: "Could not load engine wikipedia@search.mozilla.org: [Exception... \"AddonManager is not initialized\"  nsresult: \"0xc1f30001 (NS_ERROR_NOT_INITIALIZED)\"  location: \"JS frame :: resource://gre/modules/AddonManager.jsm :: installBuiltinAddon :: line 2550\"  data: no]"
console.warn: SearchService: "_init: abandoning init due to shutting down"
JavaScript error: , line 0: uncaught exception: 2147500036
JavaScript error: , line 0: uncaught exception: 2147500036
JavaScript error: , line 0: uncaught exception: 2147500036
JavaScript error: , line 0: uncaught exception: 2147500036
JavaScript error: , line 0: uncaught exception: 2147500036
JavaScript error: , line 0: uncaught exception: 2147500036
JavaScript error: , line 0: uncaught exception: 2147500036
JavaScript error: , line 0: uncaught exception: 2147500036
console.error: PushService: 
  clearOriginData: Error clearing origin data:
  UnknownError
console.error: PushService: 
  stateChangeProcessEnqueue: Error transitioning state
  UnknownError
JavaScript error: resource://gre/modules/osfile/osfile_async_front.jsm, line 426: Error: OS.File has been shut down. Rejecting post to stat
ExceptionHandler::GenerateDump cloned child 30732
ExceptionHandler::SendContinueSignalToChild sent continue signal to child
ExceptionHandler::WaitForContinueSignal waiting for continue signal...
1605997323869	geckodriver	INFO	Listening on 127.0.0.1:47603
1605997323891	mozrunner::runner	INFO	Running command: "/home/morten/firefox/firefox" "--marionette" "-foreground" "-no-remote" "-profile" "/tmp/rust_mozprofilegb9aYB"
console.warn: SearchSettings: "get: No settings file exists, new profile?" (new Error("", "(unknown module)"))
1605997333261	Marionette	INFO	Listening on port 42829
1605997333358	Marionette	WARN	TLS certificate errors will be ignored for this session
1605997334073	Marionette	INFO	Stopped listening on port 42829
1605997335775	geckodriver	INFO	Listening on 127.0.0.1:34397
1605997336783	mozrunner::runner	INFO	Running command: "/home/morten/firefox/firefox" "--marionette" "-foreground" "-no-remote" "-profile" "/tmp/rust_mozprofileUF1rEX"
console.warn: SearchSettings: "get: No settings file exists, new profile?" (new Error("", "(unknown module)"))
1605997342298	Marionette	INFO	Listening on port 41117
1605997342365	Marionette	WARN	TLS certificate errors will be ignored for this session
1605997344601	Marionette	INFO	Stopped listening on port 41117
console.warn: SearchService: "_init: abandoning init due to shutting down"
JavaScript error: , line 0: uncaught exception: 2147500036
JavaScript error: , line 0: uncaught exception: 2147500036
JavaScript error: , line 0: uncaught exception: 2147500036
JavaScript error: , line 0: uncaught exception: 2147500036
JavaScript error: , line 0: uncaught exception: 2147500036
JavaScript error: , line 0: uncaught exception: 2147500036
JavaScript error: , line 0: uncaught exception: 2147500036
JavaScript error: , line 0: uncaught exception: 2147500036
console.warn: services.settings: main/cfr-fxa sync interrupted by shutdown
console.warn: services.settings: main/cfr sync interrupted by shutdown
JavaScript error: resource://gre/modules/osfile/osfile_async_front.jsm, line 426: Error: OS.File has been shut down. Rejecting post to stat
ExceptionHandler::GenerateDump cloned child 31933
ExceptionHandler::SendContinueSignalToChild sent continue signal to child
ExceptionHandler::WaitForContinueSignal waiting for continue signal...
1605997411228	geckodriver	INFO	Listening on 127.0.0.1:45573
1605997411242	mozrunner::runner	INFO	Running command: "/home/morten/firefox/firefox" "--marionette" "-foreground" "-no-remote" "-profile" "/tmp/rust_mozprofileSE68z0"
console.warn: SearchSettings: "get: No settings file exists, new profile?" (new Error("", "(unknown module)"))
1605997415933	Marionette	INFO	Listening on port 45537
1605997416004	Marionette	WARN	TLS certificate errors will be ignored for this session
1605997418492	Marionette	INFO	Stopped listening on port 45537
console.warn: services.settings: main/message-groups sync interrupted by shutdown
console.warn: SearchService: "_init: abandoning init due to shutting down"
JavaScript error: , line 0: uncaught exception: 2147500036
JavaScript error: , line 0: uncaught exception: 2147500036
JavaScript error: , line 0: uncaught exception: 2147500036
JavaScript error: , line 0: uncaught exception: 2147500036
JavaScript error: , line 0: uncaught exception: 2147500036
JavaScript error: , line 0: uncaught exception: 2147500036
JavaScript error: , line 0: uncaught exception: 2147500036
JavaScript error: , line 0: uncaught exception: 2147500036
console.warn: services.settings: main/cfr-fxa sync interrupted by shutdown
console.warn: services.settings: main/cfr sync interrupted by shutdown
console.warn: services.settings: main/message-groups sync interrupted by shutdown
JavaScript error: resource://gre/modules/osfile/osfile_async_front.jsm, line 426: Error: OS.File has been shut down. Rejecting post to stat
ExceptionHandler::GenerateDump cloned child 32256
ExceptionHandler::SendContinueSignalToChild sent continue signal to child
ExceptionHandler::WaitForContinueSignal waiting for continue signal...
1605997485050	geckodriver	INFO	Listening on 127.0.0.1:52107
1605997486195	mozrunner::runner	INFO	Running command: "/home/morten/firefox/firefox" "--marionette" "-foreground" "-no-remote" "-profile" "/tmp/rust_mozprofile7kKBab"
console.warn: SearchSettings: "get: No settings file exists, new profile?" (new Error("", "(unknown module)"))
1605997490533	Marionette	INFO	Listening on port 34607
1605997490660	Marionette	WARN	TLS certificate errors will be ignored for this session
1605997493161	Marionette	INFO	Stopped listening on port 34607
console.warn: services.settings: main/message-groups sync interrupted by shutdown
console.warn: services.settings: main/cfr-fxa sync interrupted by shutdown
console.warn: SearchService: "_init: abandoning init due to shutting down"
JavaScript error: , line 0: uncaught exception: 2147500036
JavaScript error: , line 0: uncaught exception: 2147500036
JavaScript error: , line 0: uncaught exception: 2147500036
JavaScript error: , line 0: uncaught exception: 2147500036
JavaScript error: , line 0: uncaught exception: 2147500036
JavaScript error: , line 0: uncaught exception: 2147500036
JavaScript error: , line 0: uncaught exception: 2147500036
JavaScript error: , line 0: uncaught exception: 2147500036
console.warn: services.settings: main/cfr sync interrupted by shutdown
console.warn: services.settings: main/message-groups sync interrupted by shutdown
JavaScript error: resource://gre/modules/osfile/osfile_async_front.jsm, line 426: Error: OS.File has been shut down. Rejecting post to stat
ExceptionHandler::GenerateDump cloned child 32630
ExceptionHandler::SendContinueSignalToChild sent continue signal to child
ExceptionHandler::WaitForContinueSignal waiting for continue signal...
1605997559589	geckodriver	INFO	Listening on 127.0.0.1:37191
1605997559600	mozrunner::runner	INFO	Running command: "/home/morten/firefox/firefox" "--marionette" "-foreground" "-no-remote" "-profile" "/tmp/rust_mozprofileEQJUnE"
console.warn: SearchSettings: "get: No settings file exists, new profile?" (new Error("", "(unknown module)"))
1605997564090	Marionette	INFO	Listening on port 44783
1605997564174	Marionette	WARN	TLS certificate errors will be ignored for this session
1605997567187	Marionette	INFO	Stopped listening on port 44783
1605998282641	geckodriver	INFO	Listening on 127.0.0.1:55055
1605998282674	mozrunner::runner	INFO	Running command: "/home/morten/firefox/firefox" "--marionette" "-foreground" "-no-remote" "-profile" "/tmp/rust_mozprofileuO0a7e"
console.warn: SearchSettings: "get: No settings file exists, new profile?" (new Error("", "(unknown module)"))
1605998287121	Marionette	INFO	Listening on port 39781
1605998287270	Marionette	WARN	TLS certificate errors will be ignored for this session
1605998289845	Marionette	INFO	Stopped listening on port 39781
console.warn: SearchService: "_init: abandoning init due to shutting down"
JavaScript error: , line 0: uncaught exception: 2147500036
JavaScript error: , line 0: uncaught exception: 2147500036
JavaScript error: , line 0: uncaught exception: 2147500036
JavaScript error: , line 0: uncaught exception: 2147500036
JavaScript error: , line 0: uncaught exception: 2147500036
JavaScript error: , line 0: uncaught exception: 2147500036
JavaScript error: , line 0: uncaught exception: 2147500036
JavaScript error: , line 0: uncaught exception: 2147500036
console.warn: services.settings: main/cfr-fxa sync interrupted by shutdown
console.warn: services.settings: main/cfr sync interrupted by shutdown
JavaScript error: resource://gre/modules/osfile/osfile_async_front.jsm, line 426: Error: OS.File has been shut down. Rejecting post to stat
ExceptionHandler::GenerateDump cloned child 1247
ExceptionHandler::SendContinueSignalToChild sent continue signal to child
ExceptionHandler::WaitForContinueSignal waiting for continue signal...
1605998356440	geckodriver	INFO	Listening on 127.0.0.1:43113
1605998357469	mozrunner::runner	INFO	Running command: "/home/morten/firefox/firefox" "--marionette" "-foreground" "-no-remote" "-profile" "/tmp/rust_mozprofiletZJvuZ"
console.warn: SearchSettings: "get: No settings file exists, new profile?" (new Error("", "(unknown module)"))
1605998363624	Marionette	INFO	Listening on port 34417
1605998363743	Marionette	WARN	TLS certificate errors will be ignored for this session
1605998365950	Marionette	INFO	Stopped listening on port 34417
console.warn: SearchService: "_init: abandoning init due to shutting down"
JavaScript error: , line 0: uncaught exception: 2147500036
JavaScript error: , line 0: uncaught exception: 2147500036
JavaScript error: , line 0: uncaught exception: 2147500036
JavaScript error: , line 0: uncaught exception: 2147500036
JavaScript error: , line 0: uncaught exception: 2147500036
JavaScript error: , line 0: uncaught exception: 2147500036
JavaScript error: , line 0: uncaught exception: 2147500036
JavaScript error: , line 0: uncaught exception: 2147500036
console.warn: services.settings: main/cfr-fxa sync interrupted by shutdown
console.warn: services.settings: main/cfr sync interrupted by shutdown
JavaScript error: resource://gre/modules/osfile/osfile_async_front.jsm, line 426: Error: OS.File has been shut down. Rejecting post to stat
ExceptionHandler::GenerateDump cloned child 1842
ExceptionHandler::SendContinueSignalToChild sent continue signal to child
ExceptionHandler::WaitForContinueSignal waiting for continue signal...
1605998431679	geckodriver	INFO	Listening on 127.0.0.1:48115
1605998431694	mozrunner::runner	INFO	Running command: "/home/morten/firefox/firefox" "--marionette" "-foreground" "-no-remote" "-profile" "/tmp/rust_mozprofileGsk1Ys"
console.warn: SearchSettings: "get: No settings file exists, new profile?" (new Error("", "(unknown module)"))
1605998436979	Marionette	INFO	Listening on port 44155
1605998437108	Marionette	WARN	TLS certificate errors will be ignored for this session
1605998439904	Marionette	INFO	Stopped listening on port 44155
console.warn: SearchService: "_init: abandoning init due to shutting down"
JavaScript error: , line 0: uncaught exception: 2147500036
JavaScript error: , line 0: uncaught exception: 2147500036
JavaScript error: , line 0: uncaught exception: 2147500036
JavaScript error: , line 0: uncaught exception: 2147500036
JavaScript error: , line 0: uncaught exception: 2147500036
JavaScript error: , line 0: uncaught exception: 2147500036
JavaScript error: , line 0: uncaught exception: 2147500036
JavaScript error: , line 0: uncaught exception: 2147500036
console.error: services.settings: 
  main/message-groups Signature failed  TypeError: NetworkError when attempting to fetch resource.
JavaScript error: resource://gre/modules/osfile/osfile_async_front.jsm, line 426: Error: OS.File has been shut down. Rejecting post to stat
ExceptionHandler::GenerateDump cloned child 2262
ExceptionHandler::SendContinueSignalToChild sent continue signal to child
ExceptionHandler::WaitForContinueSignal waiting for continue signal...
1605998506327	geckodriver	INFO	Listening on 127.0.0.1:41815
1605998506638	mozrunner::runner	INFO	Running command: "/home/morten/firefox/firefox" "--marionette" "-foreground" "-no-remote" "-profile" "/tmp/rust_mozprofileWA0b1L"
console.warn: SearchSettings: "get: No settings file exists, new profile?" (new Error("", "(unknown module)"))
1605998511410	Marionette	INFO	Listening on port 36371
1605998511509	Marionette	WARN	TLS certificate errors will be ignored for this session
1605998513823	Marionette	INFO	Stopped listening on port 36371
console.warn: services.settings: main/partitioning-exempt-urls sync interrupted by shutdown
console.warn: services.settings: main/message-groups sync interrupted by shutdown
console.warn: services.settings: main/cfr-fxa sync interrupted by shutdown
console.warn: SearchService: "_init: abandoning init due to shutting down"
JavaScript error: , line 0: uncaught exception: 2147500036
JavaScript error: , line 0: uncaught exception: 2147500036
JavaScript error: , line 0: uncaught exception: 2147500036
JavaScript error: , line 0: uncaught exception: 2147500036
JavaScript error: , line 0: uncaught exception: 2147500036
JavaScript error: , line 0: uncaught exception: 2147500036
JavaScript error: , line 0: uncaught exception: 2147500036
JavaScript error: , line 0: uncaught exception: 2147500036
console.warn: services.settings: main/cfr sync interrupted by shutdown
console.warn: services.settings: main/message-groups sync interrupted by shutdown
JavaScript error: resource://gre/modules/osfile/osfile_async_front.jsm, line 426: Error: OS.File has been shut down. Rejecting post to stat
ExceptionHandler::GenerateDump cloned child 2650
ExceptionHandler::SendContinueSignalToChild sent continue signal to child
ExceptionHandler::WaitForContinueSignal waiting for continue signal...
1605998579394	geckodriver	INFO	Listening on 127.0.0.1:45589
1605998579403	mozrunner::runner	INFO	Running command: "/home/morten/firefox/firefox" "--marionette" "-foreground" "-no-remote" "-profile" "/tmp/rust_mozprofiledXJBki"
console.warn: SearchSettings: "get: No settings file exists, new profile?" (new Error("", "(unknown module)"))
1605998584091	Marionette	INFO	Listening on port 38601
1605998584162	Marionette	WARN	TLS certificate errors will be ignored for this session
1605998587313	Marionette	INFO	Stopped listening on port 38601
JavaScript error: resource://gre/modules/UrlClassifierListManager.jsm, line 691: TypeError: this.tablesData[table] is undefined
console.error: services.settings: 
  main/cfr Signature failed  TypeError: NetworkError when attempting to fetch resource.
